Arguments: 
  C:\Program Files\nodejs\node.exe C:\Users\Rohit Gupta\AppData\Roaming\npm\node_modules\yarn\bin\yarn.js install

PATH: 
  C:\Program Files (x86)\Common Files\Oracle\Java\javapath;C:\Users\Mansi\product\11.2.0\dbhome_1\bin;C:\WINDOWS\system32;C:\WINDOWS;C:\WINDOWS\System32\Wbem;C:\WINDOWS\System32\WindowsPowerShell\v1.0\;C:\Program Files\PuTTY\;C:\Program Files\Amazon\AWSCLI\;C:\Program Files\Git\cmd;C:\WINDOWS\System32\OpenSSH\;C:\Program Files\Java\jdk1.8.0_191\bin;C:\Program Files\nodejs\;C:\Users\Rohit Gupta\AppData\Local\Microsoft\WindowsApps;C:\Users\Rohit Gupta\AppData\Roaming\npm;C:\Users\Rohit Gupta\AppData\Local\Programs\Microsoft VS Code\bin;C:\Program Files\nodejs;C:\Users\Rohit Gupta\AppData\Roaming\npm;

Yarn version: 
  1.16.0

Node version: 
  10.16.0

Platform: 
  win32 x64

Trace: 
  SyntaxError: E:\infeedo task\package.json: Unexpected token } in JSON at position 374
      at JSON.parse (<anonymous>)
      at C:\Users\Rohit Gupta\AppData\Roaming\npm\node_modules\yarn\lib\cli.js:1625:59
      at Generator.next (<anonymous>)
      at step (C:\Users\Rohit Gupta\AppData\Roaming\npm\node_modules\yarn\lib\cli.js:304:30)
      at C:\Users\Rohit Gupta\AppData\Roaming\npm\node_modules\yarn\lib\cli.js:315:13

npm manifest: 
  {
    "sideEffects": false,
    "scripts": {
      "go": "webpack-dev-server --config webpack.config.js --progress --colors --host 0.0.0.0 --port 8080",
      "start": "webpack-dev-server --config webpack.config.js --colors --mode development --env.appName=profoundly",
      "build": "webpack",
      "webpack-stat": "webpack --profile --json > stats.json",
      "mock": "gulp mock",
    },
    "dependencies": {
      "@babel/core": "^7.0.0",
      "@babel/plugin-syntax-dynamic-import": "^7.0.0",
      "@babel/preset-env": "^7.0.0",
      "@babel/preset-react": "^7.0.0",
      "@material-ui/core": "^3.9.3",
      "@material-ui/icons": "^3.0.2",
      "autosuggest-highlight": "^3.1.1",
      "axios": "^0.17.0",
      "babel-loader": "^8.0.0",
      "react": "16.8.0",
      "react-autosuggest": "^9.4.3",
      "react-dom": "16.8.0",
      "react-emoji-render": "^0.4.4",
      "react-facebook-login": "^4.1.1",
      "react-infinite-scroller": "^1.2.4",
      "react-js-pull-to-refresh": "^1.2.2",
      "react-redux": "^5.0.6",
      "react-router-dom": "^4.2.2",
      "react-svg": "^2.2.10",
      "react-swipeable-views": "^0.13.1",
      "react-timestamp": "^5.0.0",
      "redux": "^3.7.2",
      "redux-promise": "^0.5.3",
      "request": "^2.88.0",
      "yargs": "^13.2.2"
    },
    "devDependencies": {
      "@babel/cli": "^7.0.0",
      "@babel/core": "^7.0.0",
      "@babel/plugin-proposal-class-properties": "^7.4.4",
      "@babel/plugin-proposal-object-rest-spread": "^7.0.0",
      "css-loader": "^0.28.7",
      "gulp": "^3.9.1",
      "gulp-html-replace": "^1.6.2",
      "gulp-rename": "^1.4.0",
      "gulp-webserver": "^0.9.1",
      "gulp-zip": "^4.2.0",
      "html-webpack-plugin": "^3.2.0",
      "node-sass": "^4.12.0",
      "sass-loader": "^6.0.6",
      "style-loader": "^0.19.0",
      "uglifyjs-webpack-plugin": "^1.1.6",
      "webpack": "^4.30.0",
      "webpack-bundle-analyzer": "^2.13.1",
      "webpack-cli": "^3.3.2",
      "webpack-dev-server": "^3.3.1"
    },
    "license": "MIT"
  }

yarn manifest: 
  No manifest

Lockfile: 
  No lockfile
